{
  "RSpec": {
    "coverage": {
      "/Users/halfdanhem/Development/jobs/clio-in-out/spec/controllers/teams_controller_spec.rb": [
        1,
        null,
        1,
        null,
        14,
        2,
        3,
        1,
        null,
        1,
        1,
        null,
        null,
        1,
        null,
        1,
        1,
        1,
        1,
        1,
        null,
        null,
        1,
        1,
        1,
        null,
        null,
        null,
        1,
        null,
        1,
        1,
        1,
        null,
        null,
        null,
        1,
        1,
        null,
        1,
        3,
        null,
        null,
        1,
        1,
        1,
        null,
        null,
        1,
        1,
        1,
        null,
        null,
        1,
        1,
        1,
        1,
        null,
        null,
        null,
        1,
        1,
        2,
        null,
        null,
        1,
        1,
        1,
        null,
        null,
        1,
        1,
        1,
        null,
        null,
        null,
        null,
        1,
        1,
        1,
        2,
        null,
        null,
        1,
        1,
        1,
        null,
        null,
        1,
        1,
        1,
        1,
        null,
        null,
        null,
        1,
        1,
        2,
        null,
        null,
        1,
        1,
        1,
        null,
        null,
        1,
        1,
        1,
        null,
        null,
        null,
        1,
        1,
        6,
        null,
        1,
        null,
        1,
        1,
        1,
        1,
        null,
        null,
        1,
        1,
        1,
        null,
        null,
        1,
        1,
        1,
        null,
        null,
        null,
        1,
        1,
        1,
        1,
        1,
        1,
        null,
        null,
        1,
        1,
        1,
        null,
        null,
        1,
        1,
        1,
        null,
        null,
        null,
        null,
        1,
        3,
        null,
        1,
        1,
        1,
        1,
        null,
        null,
        1,
        1,
        1,
        null,
        null,
        null,
        1,
        1,
        2,
        null,
        1,
        1,
        1,
        2,
        null,
        null,
        1,
        1,
        1,
        1,
        null,
        null,
        null
      ],
      "/Users/halfdanhem/Development/jobs/clio-in-out/spec/rails_helper.rb": [
        null,
        1,
        1,
        1,
        1,
        null,
        null,
        null,
        null,
        null,
        null,
        null,
        null,
        null,
        null,
        null,
        null,
        null,
        null,
        null,
        2,
        null,
        null,
        null,
        1,
        null,
        1,
        null,
        1,
        null,
        null,
        null,
        null,
        1,
        1,
        1,
        1,
        null,
        null,
        null,
        null,
        null,
        null,
        null,
        null,
        null,
        null,
        null,
        null,
        null,
        null,
        1,
        null
      ],
      "/Users/halfdanhem/Development/jobs/clio-in-out/config/environment.rb": [
        null,
        1,
        null,
        null,
        1
      ],
      "/Users/halfdanhem/Development/jobs/clio-in-out/config/application.rb": [
        1,
        null,
        1,
        null,
        null,
        null,
        1,
        null,
        1,
        1,
        null,
        null,
        null,
        null,
        null,
        null,
        1,
        null,
        null,
        null,
        null,
        null,
        null
      ],
      "/Users/halfdanhem/Development/jobs/clio-in-out/config/boot.rb": [
        null,
        1,
        null,
        1
      ],
      "/Users/halfdanhem/Development/jobs/clio-in-out/config/environments/test.rb": [
        1,
        null,
        null,
        null,
        null,
        null,
        null,
        1,
        null,
        null,
        null,
        null,
        1,
        null,
        null,
        1,
        1,
        null,
        null,
        1,
        1,
        null,
        null,
        1,
        null,
        null,
        1,
        null,
        null,
        null,
        null,
        1,
        null,
        null,
        1,
        null,
        null,
        null,
        null
      ],
      "/Users/halfdanhem/Development/jobs/clio-in-out/config/initializers/assets.rb": [
        null,
        null,
        null,
        1,
        null,
        null,
        null,
        null
      ],
      "/Users/halfdanhem/Development/jobs/clio-in-out/config/initializers/backtrace_silencers.rb": [
        null,
        null,
        null,
        null,
        null,
        null,
        null
      ],
      "/Users/halfdanhem/Development/jobs/clio-in-out/config/initializers/cookies_serializer.rb": [
        null,
        null,
        1
      ],
      "/Users/halfdanhem/Development/jobs/clio-in-out/config/initializers/devise.rb": [
        1,
        1,
        1,
        1,
        1,
        1,
        1,
        1,
        1,
        1,
        1,
        null
      ],
      "/Users/halfdanhem/Development/jobs/clio-in-out/config/initializers/devise_permitted_parameters.rb": [
        1,
        1,
        null,
        1,
        1,
        null,
        null,
        1,
        null,
        1,
        0,
        0,
        0,
        0,
        null,
        null,
        null,
        null,
        null,
        1
      ],
      "/Users/halfdanhem/Development/jobs/clio-in-out/app/controllers/application_controller.rb": [
        1,
        null,
        null,
        1,
        1,
        null,
        1,
        22,
        22,
        0,
        null,
        null,
        null,
        null
      ],
      "/Users/halfdanhem/Development/jobs/clio-in-out/app/helpers/application_helper.rb": [
        1,
        null
      ],
      "/Users/halfdanhem/Development/jobs/clio-in-out/app/helpers/teams_helper.rb": [
        1,
        null
      ],
      "/Users/halfdanhem/Development/jobs/clio-in-out/config/initializers/filter_parameter_logging.rb": [
        null,
        null,
        null,
        1
      ],
      "/Users/halfdanhem/Development/jobs/clio-in-out/config/initializers/inflections.rb": [
        null,
        null,
        null,
        null,
        null,
        null,
        null,
        null,
        null,
        null,
        null,
        null,
        null,
        null,
        null,
        null
      ],
      "/Users/halfdanhem/Development/jobs/clio-in-out/config/initializers/mime_types.rb": [
        null,
        null,
        null,
        null
      ],
      "/Users/halfdanhem/Development/jobs/clio-in-out/config/initializers/redis.rb": [
        1
      ],
      "/Users/halfdanhem/Development/jobs/clio-in-out/config/initializers/session_store.rb": [
        null,
        null,
        1
      ],
      "/Users/halfdanhem/Development/jobs/clio-in-out/config/initializers/simple_form.rb": [
        null,
        1,
        null,
        null,
        null,
        null,
        null,
        1,
        null,
        null,
        null,
        null,
        null,
        null,
        null,
        null,
        null,
        1,
        null,
        null,
        null,
        1,
        null,
        null,
        null,
        null,
        null,
        null,
        null,
        null,
        1,
        null,
        null,
        1,
        null,
        null,
        1,
        null,
        null,
        1,
        null,
        null,
        1,
        1,
        1,
        null,
        null,
        null,
        null,
        null,
        null,
        null,
        null,
        null,
        1,
        null,
        null,
        null,
        null,
        null,
        1,
        null,
        null,
        1,
        null,
        null,
        null,
        null,
        null,
        null,
        null,
        1,
        null,
        null,
        1,
        null,
        null,
        null,
        null,
        null,
        null,
        null,
        null,
        null,
        null,
        null,
        null,
        null,
        null,
        null,
        null,
        null,
        null,
        null,
        null,
        null,
        null,
        null,
        null,
        null,
        null,
        null,
        null,
        null,
        null,
        null,
        null,
        null,
        null,
        null,
        null,
        null,
        null,
        null,
        null,
        null,
        null,
        null,
        null,
        null,
        1,
        null,
        null,
        null,
        null,
        null,
        null,
        null,
        null,
        null,
        null,
        null,
        null,
        null,
        null,
        null,
        null,
        null,
        null,
        null,
        null,
        null,
        null,
        null,
        null,
        null,
        null,
        null,
        null,
        null,
        null,
        null,
        null,
        null,
        null,
        null,
        null,
        1,
        null,
        null,
        null,
        null,
        null,
        null,
        null,
        null
      ],
      "/Users/halfdanhem/Development/jobs/clio-in-out/config/initializers/wrap_parameters.rb": [
        null,
        null,
        null,
        null,
        null,
        null,
        1,
        1,
        null,
        null,
        null,
        null,
        null,
        null
      ],
      "/Users/halfdanhem/Development/jobs/clio-in-out/spec/factories/email.rb": [
        1,
        1,
        36,
        null,
        null
      ],
      "/Users/halfdanhem/Development/jobs/clio-in-out/spec/factories/team.rb": [
        1,
        1,
        23,
        null,
        null,
        1,
        1,
        1,
        null,
        1,
        2,
        null,
        null,
        null,
        null
      ],
      "/Users/halfdanhem/Development/jobs/clio-in-out/spec/factories/user.rb": [
        1,
        1,
        37,
        37,
        37,
        1,
        null,
        null,
        null
      ],
      "/Users/halfdanhem/Development/jobs/clio-in-out/config/routes.rb": [
        1,
        null,
        null,
        1,
        null,
        1,
        1,
        1,
        null,
        null,
        null,
        1,
        1,
        1,
        null,
        null,
        null,
        1,
        null,
        null
      ],
      "/Users/halfdanhem/Development/jobs/clio-in-out/app/models/user.rb": [
        1,
        null,
        null,
        null,
        null,
        1,
        null,
        null,
        1,
        1,
        null,
        null,
        1,
        null,
        1,
        null,
        1,
        2,
        null,
        null,
        1,
        1,
        null,
        null,
        1,
        42,
        null,
        null,
        null
      ],
      "/Users/halfdanhem/Development/jobs/clio-in-out/spec/support/controller_macros.rb": [
        1,
        null,
        1,
        1,
        23,
        23,
        23,
        null,
        null,
        null
      ],
      "/Users/halfdanhem/Development/jobs/clio-in-out/app/controllers/teams_controller.rb": [
        1,
        null,
        1,
        2,
        null,
        null,
        1,
        1,
        null,
        null,
        null,
        1,
        2,
        2,
        3,
        3,
        null,
        null,
        null,
        null,
        1,
        5,
        5,
        3,
        null,
        2,
        2,
        null,
        null,
        null,
        1,
        2,
        null,
        null,
        null,
        1,
        6,
        6,
        6,
        3,
        null,
        3,
        3,
        null,
        null,
        null,
        1,
        2,
        2,
        2,
        null,
        0,
        0,
        null,
        null,
        null,
        1,
        2,
        2,
        null,
        0,
        null,
        null,
        2,
        2,
        2,
        null,
        0,
        null,
        null,
        null,
        1,
        1,
        11,
        null,
        null
      ],
      "/Users/halfdanhem/Development/jobs/clio-in-out/spec/models/team_spec.rb": [
        1,
        null,
        1,
        1,
        2,
        null,
        1,
        1,
        null,
        null,
        1,
        null,
        null,
        null,
        null,
        1,
        null,
        1,
        1,
        null,
        null,
        1,
        1,
        1,
        1,
        1,
        null,
        null,
        null,
        null,
        null
      ],
      "/Users/halfdanhem/Development/jobs/clio-in-out/app/models/team.rb": [
        1,
        1,
        null,
        1,
        null
      ],
      "/Users/halfdanhem/Development/jobs/clio-in-out/spec/models/user_spec.rb": [
        1,
        null,
        1,
        3,
        null,
        1,
        1,
        null,
        null,
        1,
        null,
        1,
        1,
        1,
        1,
        1,
        null,
        null,
        1,
        1,
        null,
        null,
        null,
        null,
        1,
        null,
        1,
        1,
        null,
        null,
        null,
        null,
        null
      ],
      "/Users/halfdanhem/Development/jobs/clio-in-out/app/serializers/team_serializer.rb": [
        1,
        1,
        1,
        null
      ]
    },
    "timestamp": 1419637001
  }
}
