{
  "RSpec": {
    "coverage": {
      "/Users/halfdanhem/Development/jobs/clio-in-out/spec/controllers/users_controller_spec.rb": [
        1,
        null,
        1,
        null,
        5,
        5,
        1,
        null,
        1,
        0,
        null,
        null,
        1,
        1,
        1,
        1,
        null,
        null,
        1,
        1,
        1,
        1,
        1,
        1,
        null,
        null,
        1,
        1,
        1,
        1,
        1,
        1,
        null,
        null,
        1,
        1,
        1,
        1,
        1,
        1,
        null,
        null,
        null,
        null
      ],
      "/Users/halfdanhem/Development/jobs/clio-in-out/spec/rails_helper.rb": [
        null,
        1,
        1,
        1,
        1,
        null,
        null,
        null,
        null,
        null,
        null,
        null,
        null,
        null,
        null,
        null,
        null,
        null,
        null,
        null,
        2,
        null,
        null,
        null,
        1,
        null,
        1,
        null,
        1,
        null,
        null,
        null,
        null,
        1,
        1,
        1,
        1,
        null,
        null,
        null,
        null,
        null,
        null,
        null,
        null,
        null,
        null,
        null,
        null,
        null,
        null,
        1,
        null
      ],
      "/Users/halfdanhem/Development/jobs/clio-in-out/config/environment.rb": [
        null,
        1,
        null,
        null,
        1
      ],
      "/Users/halfdanhem/Development/jobs/clio-in-out/config/application.rb": [
        1,
        null,
        1,
        null,
        null,
        null,
        1,
        null,
        1,
        1,
        null,
        null,
        null,
        null,
        null,
        null,
        1,
        null,
        null,
        null,
        null,
        null,
        null
      ],
      "/Users/halfdanhem/Development/jobs/clio-in-out/config/boot.rb": [
        null,
        1,
        null,
        1
      ],
      "/Users/halfdanhem/Development/jobs/clio-in-out/config/environments/test.rb": [
        1,
        null,
        null,
        null,
        null,
        null,
        null,
        1,
        null,
        null,
        null,
        null,
        1,
        null,
        null,
        1,
        1,
        null,
        null,
        1,
        1,
        null,
        null,
        1,
        null,
        null,
        1,
        null,
        null,
        null,
        null,
        1,
        null,
        null,
        1,
        null,
        null,
        null,
        null
      ],
      "/Users/halfdanhem/Development/jobs/clio-in-out/config/initializers/assets.rb": [
        null,
        null,
        null,
        1,
        null,
        null,
        null,
        null
      ],
      "/Users/halfdanhem/Development/jobs/clio-in-out/config/initializers/backtrace_silencers.rb": [
        null,
        null,
        null,
        null,
        null,
        null,
        null
      ],
      "/Users/halfdanhem/Development/jobs/clio-in-out/config/initializers/cookies_serializer.rb": [
        null,
        null,
        1
      ],
      "/Users/halfdanhem/Development/jobs/clio-in-out/config/initializers/devise.rb": [
        1,
        1,
        1,
        1,
        1,
        1,
        1,
        1,
        1,
        1,
        1,
        null
      ],
      "/Users/halfdanhem/Development/jobs/clio-in-out/config/initializers/devise_permitted_parameters.rb": [
        1,
        1,
        null,
        1,
        1,
        null,
        null,
        1,
        null,
        1,
        0,
        0,
        0,
        0,
        null,
        null,
        null,
        null,
        null,
        1
      ],
      "/Users/halfdanhem/Development/jobs/clio-in-out/app/controllers/application_controller.rb": [
        1,
        null,
        null,
        1,
        1,
        null,
        1,
        4,
        4,
        0,
        null,
        null,
        null,
        null
      ],
      "/Users/halfdanhem/Development/jobs/clio-in-out/app/helpers/application_helper.rb": [
        1,
        null
      ],
      "/Users/halfdanhem/Development/jobs/clio-in-out/app/helpers/teams_helper.rb": [
        1,
        null
      ],
      "/Users/halfdanhem/Development/jobs/clio-in-out/config/initializers/filter_parameter_logging.rb": [
        null,
        null,
        null,
        1
      ],
      "/Users/halfdanhem/Development/jobs/clio-in-out/config/initializers/inflections.rb": [
        null,
        null,
        null,
        null,
        null,
        null,
        null,
        null,
        null,
        null,
        null,
        null,
        null,
        null,
        null,
        null
      ],
      "/Users/halfdanhem/Development/jobs/clio-in-out/config/initializers/mime_types.rb": [
        null,
        null,
        null,
        null
      ],
      "/Users/halfdanhem/Development/jobs/clio-in-out/config/initializers/redis.rb": [
        1
      ],
      "/Users/halfdanhem/Development/jobs/clio-in-out/config/initializers/session_store.rb": [
        null,
        null,
        1
      ],
      "/Users/halfdanhem/Development/jobs/clio-in-out/config/initializers/simple_form.rb": [
        null,
        1,
        null,
        null,
        null,
        null,
        null,
        1,
        null,
        null,
        null,
        null,
        null,
        null,
        null,
        null,
        null,
        1,
        null,
        null,
        null,
        1,
        null,
        null,
        null,
        null,
        null,
        null,
        null,
        null,
        1,
        null,
        null,
        1,
        null,
        null,
        1,
        null,
        null,
        1,
        null,
        null,
        1,
        1,
        1,
        null,
        null,
        null,
        null,
        null,
        null,
        null,
        null,
        null,
        1,
        null,
        null,
        null,
        null,
        null,
        1,
        null,
        null,
        1,
        null,
        null,
        null,
        null,
        null,
        null,
        null,
        1,
        null,
        null,
        1,
        null,
        null,
        null,
        null,
        null,
        null,
        null,
        null,
        null,
        null,
        null,
        null,
        null,
        null,
        null,
        null,
        null,
        null,
        null,
        null,
        null,
        null,
        null,
        null,
        null,
        null,
        null,
        null,
        null,
        null,
        null,
        null,
        null,
        null,
        null,
        null,
        null,
        null,
        null,
        null,
        null,
        null,
        null,
        null,
        null,
        1,
        null,
        null,
        null,
        null,
        null,
        null,
        null,
        null,
        null,
        null,
        null,
        null,
        null,
        null,
        null,
        null,
        null,
        null,
        null,
        null,
        null,
        null,
        null,
        null,
        null,
        null,
        null,
        null,
        null,
        null,
        null,
        null,
        null,
        null,
        null,
        null,
        1,
        null,
        null,
        null,
        null,
        null,
        null,
        null,
        null
      ],
      "/Users/halfdanhem/Development/jobs/clio-in-out/config/initializers/wrap_parameters.rb": [
        null,
        null,
        null,
        null,
        null,
        null,
        1,
        1,
        null,
        null,
        null,
        null,
        null,
        null
      ],
      "/Users/halfdanhem/Development/jobs/clio-in-out/spec/factories/email.rb": [
        1,
        1,
        12,
        null,
        null
      ],
      "/Users/halfdanhem/Development/jobs/clio-in-out/spec/factories/team.rb": [
        1,
        1,
        1,
        null,
        null,
        1,
        1,
        1,
        null,
        1,
        0,
        null,
        null,
        null,
        null
      ],
      "/Users/halfdanhem/Development/jobs/clio-in-out/spec/factories/user.rb": [
        1,
        1,
        13,
        13,
        13,
        1,
        null,
        null,
        null
      ],
      "/Users/halfdanhem/Development/jobs/clio-in-out/config/routes.rb": [
        1,
        null,
        null,
        1,
        null,
        1,
        1,
        1,
        null,
        null,
        null,
        1,
        1,
        1,
        1,
        null,
        null,
        null,
        1,
        null,
        null
      ],
      "/Users/halfdanhem/Development/jobs/clio-in-out/app/models/user.rb": [
        1,
        null,
        1,
        null,
        null,
        5,
        1,
        null,
        1,
        null,
        1,
        null,
        1,
        0,
        0,
        null,
        null,
        1,
        0,
        0,
        null,
        null,
        1,
        null,
        0,
        0,
        0,
        0,
        0,
        0,
        0,
        null,
        0,
        null,
        0,
        null,
        null,
        null,
        1,
        7,
        null,
        null,
        1,
        0,
        null,
        null,
        1,
        19,
        null,
        null,
        null
      ],
      "/Users/halfdanhem/Development/jobs/clio-in-out/spec/support/controller_macros.rb": [
        1,
        null,
        1,
        1,
        4,
        4,
        4,
        null,
        null,
        null
      ],
      "/Users/halfdanhem/Development/jobs/clio-in-out/app/controllers/users_controller.rb": [
        1,
        1,
        1,
        null,
        1,
        4,
        4,
        4,
        1,
        2,
        null,
        null,
        3,
        4,
        5,
        null,
        null,
        null,
        null,
        1,
        0,
        null,
        null,
        1,
        0,
        0,
        null,
        null,
        null,
        1,
        0,
        null,
        null,
        1,
        0,
        0,
        0,
        0,
        0,
        null,
        0,
        null,
        0,
        null,
        null,
        1,
        0,
        0,
        0,
        0,
        0,
        0,
        null,
        null,
        null,
        0,
        null,
        0,
        0,
        null,
        null,
        1,
        null,
        1,
        0,
        null,
        null,
        1,
        0,
        0,
        0,
        null,
        null,
        null,
        null
      ],
      "/Users/halfdanhem/Development/jobs/clio-in-out/app/serializers/user_serializer.rb": [
        1,
        1,
        null
      ]
    },
    "timestamp": 1420610420
  }
}
